[debug] [2023-09-09T12:22:42.296Z] ----------------------------------------------------------------------
[debug] [2023-09-09T12:22:42.299Z] Command:       C:\Program Files\nodejs\node.exe C:\Users\Gurinder\AppData\Roaming\npm\node_modules\firebase-tools\lib\bin\firebase.js init
[debug] [2023-09-09T12:22:42.299Z] CLI Version:   12.5.3
[debug] [2023-09-09T12:22:42.300Z] Platform:      win32
[debug] [2023-09-09T12:22:42.300Z] Node Version:  v18.17.1
[debug] [2023-09-09T12:22:42.302Z] Time:          Sat Sep 09 2023 17:52:42 GMT+0530 (India Standard Time)
[debug] [2023-09-09T12:22:42.302Z] ----------------------------------------------------------------------
[debug] 
[debug] [2023-09-09T12:22:42.423Z] > command requires scopes: ["email","openid","https://www.googleapis.com/auth/cloudplatformprojects.readonly","https://www.googleapis.com/auth/firebase","https://www.googleapis.com/auth/cloud-platform"]
[debug] [2023-09-09T12:22:42.424Z] > authorizing via signed-in user (gurinder12072003@gmail.com)
[info] 
     ######## #### ########  ######## ########     ###     ######  ########
     ##        ##  ##     ## ##       ##     ##  ##   ##  ##       ##
     ######    ##  ########  ######   ########  #########  ######  ######
     ##        ##  ##    ##  ##       ##     ## ##     ##       ## ##
     ##       #### ##     ## ######## ########  ##     ##  ######  ########

You're about to initialize a Firebase project in this directory:

  C:\Users\Gurinder

Before we get started, keep in mind:

  * You are initializing within an existing Firebase project directory

[info] 
=== Project Setup
[info] 
[info] First, let's associate this project directory with a Firebase project.
[info] You can create multiple project aliases by running firebase use --add, 
[info] but for now we'll just set up a default project.
[info] 
[debug] [2023-09-09T12:22:49.874Z] Using project from CLI flag: weather-app-8a61f
[debug] [2023-09-09T12:22:49.877Z] >>> [apiv2][query] GET https://firebase.googleapis.com/v1beta1/projects/weather-app-8a61f [none]
[debug] [2023-09-09T12:22:50.658Z] <<< [apiv2][status] GET https://firebase.googleapis.com/v1beta1/projects/weather-app-8a61f 200
[debug] [2023-09-09T12:22:50.658Z] <<< [apiv2][body] GET https://firebase.googleapis.com/v1beta1/projects/weather-app-8a61f {"projectId":"weather-app-8a61f","projectNumber":"355868407820","displayName":"weather-app","name":"projects/weather-app-8a61f","resources":{"hostingSite":"weather-app-8a61f"},"state":"DELETED","etag":"1_e31f44aa-5f1d-47b6-aa9c-b84776d54d8d"}
[info] i  Using project weather-app-8a61f (weather-app) 
[info] 
=== Hosting Setup
[info] 
[info] Your public directory is the folder (relative to your project directory) that
[info] will contain Hosting assets to be uploaded with firebase deploy. If you
[info] have a build process for your assets, use your build's output directory.
[info] 
[debug] [2023-09-09T12:23:58.177Z] ----------------------------------------------------------------------
[debug] [2023-09-09T12:23:58.180Z] Command:       C:\Program Files\nodejs\node.exe C:\Users\Gurinder\AppData\Roaming\npm\node_modules\firebase-tools\lib\bin\firebase.js init
[debug] [2023-09-09T12:23:58.181Z] CLI Version:   12.5.3
[debug] [2023-09-09T12:23:58.181Z] Platform:      win32
[debug] [2023-09-09T12:23:58.181Z] Node Version:  v18.17.1
[debug] [2023-09-09T12:23:58.183Z] Time:          Sat Sep 09 2023 17:53:58 GMT+0530 (India Standard Time)
[debug] [2023-09-09T12:23:58.183Z] ----------------------------------------------------------------------
[debug] 
[debug] [2023-09-09T12:23:58.302Z] > command requires scopes: ["email","openid","https://www.googleapis.com/auth/cloudplatformprojects.readonly","https://www.googleapis.com/auth/firebase","https://www.googleapis.com/auth/cloud-platform"]
[debug] [2023-09-09T12:23:58.303Z] > authorizing via signed-in user (gurinder12072003@gmail.com)
[info] 
     ######## #### ########  ######## ########     ###     ######  ########
     ##        ##  ##     ## ##       ##     ##  ##   ##  ##       ##
     ######    ##  ########  ######   ########  #########  ######  ######
     ##        ##  ##    ##  ##       ##     ## ##     ##       ## ##
     ##       #### ##     ## ######## ########  ##     ##  ######  ########

You're about to initialize a Firebase project in this directory:

  C:\Users\Gurinder

Before we get started, keep in mind:

  * You are initializing within an existing Firebase project directory

[info] 
=== Project Setup
[info] 
[info] First, let's associate this project directory with a Firebase project.
[info] You can create multiple project aliases by running firebase use --add, 
[info] but for now we'll just set up a default project.
[info] 
[debug] [2023-09-09T12:24:15.977Z] Using project from CLI flag: weather-app-8a61f
[debug] [2023-09-09T12:24:15.981Z] >>> [apiv2][query] GET https://firebase.googleapis.com/v1beta1/projects/weather-app-8a61f [none]
[debug] [2023-09-09T12:24:16.730Z] <<< [apiv2][status] GET https://firebase.googleapis.com/v1beta1/projects/weather-app-8a61f 200
[debug] [2023-09-09T12:24:16.730Z] <<< [apiv2][body] GET https://firebase.googleapis.com/v1beta1/projects/weather-app-8a61f {"projectId":"weather-app-8a61f","projectNumber":"355868407820","displayName":"weather-app","name":"projects/weather-app-8a61f","resources":{"hostingSite":"weather-app-8a61f"},"state":"DELETED","etag":"1_e31f44aa-5f1d-47b6-aa9c-b84776d54d8d"}
[info] i  Using project weather-app-8a61f (weather-app) 
[info] 
=== Hosting Setup
[info] 
[info] Your public directory is the folder (relative to your project directory) that
[info] will contain Hosting assets to be uploaded with firebase deploy. If you
[info] have a build process for your assets, use your build's output directory.
[info] 
